C:\Program Files (x86)\Microsoft Visual Studio\2017\Community\Common7\IDE\VC\VCTargets\Microsoft.CppBuild.targets(391,5): warning MSB8028: la directory intermedia (Debug\) contiene file condivisi da un altro progetto (raaComputerGraphicsAssignment1.vcxproj). Tale condizione può comportare un comportamento di pulizia e ricompilazione non corretto.
  raaInteractiveGraphics.cpp
c:\igproject\igproject\igproject\raacomputergraphicsassignment1\raainteractivegraphics.cpp(230): warning C4305: '-=': troncamento da 'double' a 'float'
c:\igproject\igproject\igproject\raacomputergraphicsassignment1\raainteractivegraphics.cpp(233): warning C4305: '+=': troncamento da 'double' a 'float'
c:\igproject\igproject\igproject\raacomputergraphicsassignment1\raainteractivegraphics.cpp(392): warning C4305: '-=': troncamento da 'double' a 'float'
c:\igproject\igproject\igproject\raacomputergraphicsassignment1\raainteractivegraphics.cpp(677): warning C4996: 'localtime': This function or variable may be unsafe. Consider using localtime_s instead. To disable deprecation, use _CRT_SECURE_NO_WARNINGS. See online help for details.
  c:\program files (x86)\windows kits\10\include\10.0.16299.0\ucrt\time.h(505): note: vedere la dichiarazione di 'localtime'
c:\igproject\igproject\igproject\raacomputergraphicsassignment1\raainteractivegraphics.cpp(681): warning C4996: 'fopen': This function or variable may be unsafe. Consider using fopen_s instead. To disable deprecation, use _CRT_SECURE_NO_WARNINGS. See online help for details.
  c:\program files (x86)\windows kits\10\include\10.0.16299.0\ucrt\stdio.h(207): note: vedere la dichiarazione di 'fopen'
c:\igproject\igproject\igproject\raacomputergraphicsassignment1\raainteractivegraphics.cpp(731): warning C4305: 'argomento': troncamento da 'double' a 'GLfloat'
c:\igproject\igproject\igproject\raacomputergraphicsassignment1\raainteractivegraphics.cpp(732): warning C4305: 'argomento': troncamento da 'double' a 'GLfloat'
c:\igproject\igproject\igproject\raacomputergraphicsassignment1\raainteractivegraphics.cpp(733): warning C4305: 'argomento': troncamento da 'double' a 'GLfloat'
c:\igproject\igproject\igproject\raacomputergraphicsassignment1\raainteractivegraphics.cpp(734): warning C4305: 'argomento': troncamento da 'double' a 'GLfloat'
c:\igproject\igproject\igproject\raacomputergraphicsassignment1\raainteractivegraphics.cpp(737): warning C4305: 'argomento': troncamento da 'double' a 'GLfloat'
c:\igproject\igproject\igproject\raacomputergraphicsassignment1\raainteractivegraphics.cpp(738): warning C4305: 'argomento': troncamento da 'double' a 'GLfloat'
c:\igproject\igproject\igproject\raacomputergraphicsassignment1\raainteractivegraphics.cpp(739): warning C4305: 'argomento': troncamento da 'double' a 'GLfloat'
c:\igproject\igproject\igproject\raacomputergraphicsassignment1\raainteractivegraphics.cpp(740): warning C4305: 'argomento': troncamento da 'double' a 'GLfloat'
c:\igproject\igproject\igproject\raacomputergraphicsassignment1\raainteractivegraphics.cpp(743): warning C4305: 'argomento': troncamento da 'double' a 'GLfloat'
c:\igproject\igproject\igproject\raacomputergraphicsassignment1\raainteractivegraphics.cpp(744): warning C4305: 'argomento': troncamento da 'double' a 'GLfloat'
c:\igproject\igproject\igproject\raacomputergraphicsassignment1\raainteractivegraphics.cpp(745): warning C4305: 'argomento': troncamento da 'double' a 'GLfloat'
c:\igproject\igproject\igproject\raacomputergraphicsassignment1\raainteractivegraphics.cpp(746): warning C4305: 'argomento': troncamento da 'double' a 'GLfloat'
c:\igproject\igproject\igproject\raacomputergraphicsassignment1\raainteractivegraphics.cpp(749): warning C4305: 'argomento': troncamento da 'double' a 'GLfloat'
c:\igproject\igproject\igproject\raacomputergraphicsassignment1\raainteractivegraphics.cpp(750): warning C4305: 'argomento': troncamento da 'double' a 'GLfloat'
c:\igproject\igproject\igproject\raacomputergraphicsassignment1\raainteractivegraphics.cpp(751): warning C4305: 'argomento': troncamento da 'double' a 'GLfloat'
c:\igproject\igproject\igproject\raacomputergraphicsassignment1\raainteractivegraphics.cpp(752): warning C4305: 'argomento': troncamento da 'double' a 'GLfloat'
c:\igproject\igproject\igproject\raacomputergraphicsassignment1\raainteractivegraphics.cpp(755): warning C4305: 'argomento': troncamento da 'double' a 'GLfloat'
c:\igproject\igproject\igproject\raacomputergraphicsassignment1\raainteractivegraphics.cpp(756): warning C4305: 'argomento': troncamento da 'double' a 'GLfloat'
c:\igproject\igproject\igproject\raacomputergraphicsassignment1\raainteractivegraphics.cpp(757): warning C4305: 'argomento': troncamento da 'double' a 'GLfloat'
c:\igproject\igproject\igproject\raacomputergraphicsassignment1\raainteractivegraphics.cpp(758): warning C4305: 'argomento': troncamento da 'double' a 'GLfloat'
c:\igproject\igproject\igproject\raacomputergraphicsassignment1\raainteractivegraphics.cpp(761): warning C4305: 'argomento': troncamento da 'double' a 'GLfloat'
c:\igproject\igproject\igproject\raacomputergraphicsassignment1\raainteractivegraphics.cpp(762): warning C4305: 'argomento': troncamento da 'double' a 'GLfloat'
c:\igproject\igproject\igproject\raacomputergraphicsassignment1\raainteractivegraphics.cpp(763): warning C4305: 'argomento': troncamento da 'double' a 'GLfloat'
c:\igproject\igproject\igproject\raacomputergraphicsassignment1\raainteractivegraphics.cpp(764): warning C4305: 'argomento': troncamento da 'double' a 'GLfloat'
c:\igproject\igproject\igproject\raacomputergraphicsassignment1\raainteractivegraphics.cpp(766): warning C4305: 'argomento': troncamento da 'double' a 'GLfloat'
c:\igproject\igproject\igproject\raacomputergraphicsassignment1\raainteractivegraphics.cpp(767): warning C4305: 'argomento': troncamento da 'double' a 'GLfloat'
c:\igproject\igproject\igproject\raacomputergraphicsassignment1\raainteractivegraphics.cpp(768): warning C4305: 'argomento': troncamento da 'double' a 'GLfloat'
c:\igproject\igproject\igproject\raacomputergraphicsassignment1\raainteractivegraphics.cpp(769): warning C4305: 'argomento': troncamento da 'double' a 'GLfloat'
c:\igproject\igproject\igproject\raacomputergraphicsassignment1\raainteractivegraphics.cpp(772): warning C4305: 'argomento': troncamento da 'double' a 'GLfloat'
c:\igproject\igproject\igproject\raacomputergraphicsassignment1\raainteractivegraphics.cpp(773): warning C4305: 'argomento': troncamento da 'double' a 'GLfloat'
c:\igproject\igproject\igproject\raacomputergraphicsassignment1\raainteractivegraphics.cpp(774): warning C4305: 'argomento': troncamento da 'double' a 'GLfloat'
c:\igproject\igproject\igproject\raacomputergraphicsassignment1\raainteractivegraphics.cpp(775): warning C4305: 'argomento': troncamento da 'double' a 'GLfloat'
c:\igproject\igproject\igproject\raacomputergraphicsassignment1\raainteractivegraphics.cpp(778): warning C4305: 'argomento': troncamento da 'double' a 'GLfloat'
c:\igproject\igproject\igproject\raacomputergraphicsassignment1\raainteractivegraphics.cpp(779): warning C4305: 'argomento': troncamento da 'double' a 'GLfloat'
c:\igproject\igproject\igproject\raacomputergraphicsassignment1\raainteractivegraphics.cpp(780): warning C4305: 'argomento': troncamento da 'double' a 'GLfloat'
c:\igproject\igproject\igproject\raacomputergraphicsassignment1\raainteractivegraphics.cpp(781): warning C4305: 'argomento': troncamento da 'double' a 'GLfloat'
c:\igproject\igproject\igproject\raacomputergraphicsassignment1\raainteractivegraphics.cpp(784): warning C4305: 'argomento': troncamento da 'double' a 'GLfloat'
c:\igproject\igproject\igproject\raacomputergraphicsassignment1\raainteractivegraphics.cpp(785): warning C4305: 'argomento': troncamento da 'double' a 'GLfloat'
c:\igproject\igproject\igproject\raacomputergraphicsassignment1\raainteractivegraphics.cpp(786): warning C4305: 'argomento': troncamento da 'double' a 'GLfloat'
c:\igproject\igproject\igproject\raacomputergraphicsassignment1\raainteractivegraphics.cpp(787): warning C4305: 'argomento': troncamento da 'double' a 'GLfloat'
c:\igproject\igproject\igproject\raacomputergraphicsassignment1\raainteractivegraphics.cpp(790): warning C4305: 'argomento': troncamento da 'double' a 'GLfloat'
c:\igproject\igproject\igproject\raacomputergraphicsassignment1\raainteractivegraphics.cpp(791): warning C4305: 'argomento': troncamento da 'double' a 'GLfloat'
c:\igproject\igproject\igproject\raacomputergraphicsassignment1\raainteractivegraphics.cpp(792): warning C4305: 'argomento': troncamento da 'double' a 'GLfloat'
c:\igproject\igproject\igproject\raacomputergraphicsassignment1\raainteractivegraphics.cpp(793): warning C4305: 'argomento': troncamento da 'double' a 'GLfloat'
c:\igproject\igproject\igproject\raacomputergraphicsassignment1\raainteractivegraphics.cpp(796): warning C4305: 'argomento': troncamento da 'double' a 'GLfloat'
c:\igproject\igproject\igproject\raacomputergraphicsassignment1\raainteractivegraphics.cpp(797): warning C4305: 'argomento': troncamento da 'double' a 'GLfloat'
c:\igproject\igproject\igproject\raacomputergraphicsassignment1\raainteractivegraphics.cpp(798): warning C4305: 'argomento': troncamento da 'double' a 'GLfloat'
c:\igproject\igproject\igproject\raacomputergraphicsassignment1\raainteractivegraphics.cpp(799): warning C4305: 'argomento': troncamento da 'double' a 'GLfloat'
c:\igproject\igproject\igproject\raacomputergraphicsassignment1\raainteractivegraphics.cpp(801): warning C4305: 'argomento': troncamento da 'double' a 'GLfloat'
c:\igproject\igproject\igproject\raacomputergraphicsassignment1\raainteractivegraphics.cpp(802): warning C4305: 'argomento': troncamento da 'double' a 'GLfloat'
c:\igproject\igproject\igproject\raacomputergraphicsassignment1\raainteractivegraphics.cpp(803): warning C4305: 'argomento': troncamento da 'double' a 'GLfloat'
c:\igproject\igproject\igproject\raacomputergraphicsassignment1\raainteractivegraphics.cpp(804): warning C4305: 'argomento': troncamento da 'double' a 'GLfloat'
c:\igproject\igproject\igproject\raacomputergraphicsassignment1\raainteractivegraphics.cpp(807): warning C4305: 'argomento': troncamento da 'double' a 'GLfloat'
c:\igproject\igproject\igproject\raacomputergraphicsassignment1\raainteractivegraphics.cpp(808): warning C4305: 'argomento': troncamento da 'double' a 'GLfloat'
c:\igproject\igproject\igproject\raacomputergraphicsassignment1\raainteractivegraphics.cpp(809): warning C4305: 'argomento': troncamento da 'double' a 'GLfloat'
c:\igproject\igproject\igproject\raacomputergraphicsassignment1\raainteractivegraphics.cpp(810): warning C4305: 'argomento': troncamento da 'double' a 'GLfloat'
c:\igproject\igproject\igproject\raacomputergraphicsassignment1\raainteractivegraphics.cpp(813): warning C4305: 'argomento': troncamento da 'double' a 'GLfloat'
c:\igproject\igproject\igproject\raacomputergraphicsassignment1\raainteractivegraphics.cpp(814): warning C4305: 'argomento': troncamento da 'double' a 'GLfloat'
c:\igproject\igproject\igproject\raacomputergraphicsassignment1\raainteractivegraphics.cpp(815): warning C4305: 'argomento': troncamento da 'double' a 'GLfloat'
c:\igproject\igproject\igproject\raacomputergraphicsassignment1\raainteractivegraphics.cpp(816): warning C4305: 'argomento': troncamento da 'double' a 'GLfloat'
c:\igproject\igproject\igproject\raacomputergraphicsassignment1\raainteractivegraphics.cpp(818): warning C4305: 'argomento': troncamento da 'double' a 'GLfloat'
c:\igproject\igproject\igproject\raacomputergraphicsassignment1\raainteractivegraphics.cpp(819): warning C4305: 'argomento': troncamento da 'double' a 'GLfloat'
c:\igproject\igproject\igproject\raacomputergraphicsassignment1\raainteractivegraphics.cpp(820): warning C4305: 'argomento': troncamento da 'double' a 'GLfloat'
c:\igproject\igproject\igproject\raacomputergraphicsassignment1\raainteractivegraphics.cpp(821): warning C4305: 'argomento': troncamento da 'double' a 'GLfloat'
c:\igproject\igproject\igproject\raacomputergraphicsassignment1\raainteractivegraphics.cpp(822): warning C4305: 'argomento': troncamento da 'double' a 'GLfloat'
c:\igproject\igproject\igproject\raacomputergraphicsassignment1\raainteractivegraphics.cpp(824): warning C4305: 'argomento': troncamento da 'double' a 'GLfloat'
c:\igproject\igproject\igproject\raacomputergraphicsassignment1\raainteractivegraphics.cpp(825): warning C4305: 'argomento': troncamento da 'double' a 'GLfloat'
c:\igproject\igproject\igproject\raacomputergraphicsassignment1\raainteractivegraphics.cpp(826): warning C4305: 'argomento': troncamento da 'double' a 'GLfloat'
c:\igproject\igproject\igproject\raacomputergraphicsassignment1\raainteractivegraphics.cpp(827): warning C4305: 'argomento': troncamento da 'double' a 'GLfloat'
c:\igproject\igproject\igproject\raacomputergraphicsassignment1\raainteractivegraphics.cpp(830): warning C4305: 'argomento': troncamento da 'double' a 'GLfloat'
c:\igproject\igproject\igproject\raacomputergraphicsassignment1\raainteractivegraphics.cpp(831): warning C4305: 'argomento': troncamento da 'double' a 'GLfloat'
c:\igproject\igproject\igproject\raacomputergraphicsassignment1\raainteractivegraphics.cpp(832): warning C4305: 'argomento': troncamento da 'double' a 'GLfloat'
c:\igproject\igproject\igproject\raacomputergraphicsassignment1\raainteractivegraphics.cpp(833): warning C4305: 'argomento': troncamento da 'double' a 'GLfloat'
c:\igproject\igproject\igproject\raacomputergraphicsassignment1\raainteractivegraphics.cpp(835): warning C4305: 'argomento': troncamento da 'double' a 'GLfloat'
c:\igproject\igproject\igproject\raacomputergraphicsassignment1\raainteractivegraphics.cpp(836): warning C4305: 'argomento': troncamento da 'double' a 'GLfloat'
c:\igproject\igproject\igproject\raacomputergraphicsassignment1\raainteractivegraphics.cpp(837): warning C4305: 'argomento': troncamento da 'double' a 'GLfloat'
c:\igproject\igproject\igproject\raacomputergraphicsassignment1\raainteractivegraphics.cpp(838): warning C4305: 'argomento': troncamento da 'double' a 'GLfloat'
c:\igproject\igproject\igproject\raacomputergraphicsassignment1\raainteractivegraphics.cpp(840): warning C4305: 'argomento': troncamento da 'double' a 'GLfloat'
c:\igproject\igproject\igproject\raacomputergraphicsassignment1\raainteractivegraphics.cpp(841): warning C4305: 'argomento': troncamento da 'double' a 'GLfloat'
c:\igproject\igproject\igproject\raacomputergraphicsassignment1\raainteractivegraphics.cpp(842): warning C4305: 'argomento': troncamento da 'double' a 'GLfloat'
c:\igproject\igproject\igproject\raacomputergraphicsassignment1\raainteractivegraphics.cpp(843): warning C4305: 'argomento': troncamento da 'double' a 'GLfloat'
c:\igproject\igproject\igproject\raacomputergraphicsassignment1\raainteractivegraphics.cpp(845): warning C4305: 'argomento': troncamento da 'double' a 'GLfloat'
c:\igproject\igproject\igproject\raacomputergraphicsassignment1\raainteractivegraphics.cpp(846): warning C4305: 'argomento': troncamento da 'double' a 'GLfloat'
c:\igproject\igproject\igproject\raacomputergraphicsassignment1\raainteractivegraphics.cpp(847): warning C4305: 'argomento': troncamento da 'double' a 'GLfloat'
c:\igproject\igproject\igproject\raacomputergraphicsassignment1\raainteractivegraphics.cpp(848): warning C4305: 'argomento': troncamento da 'double' a 'GLfloat'
c:\igproject\igproject\igproject\raacomputergraphicsassignment1\raainteractivegraphics.cpp(850): warning C4305: 'argomento': troncamento da 'double' a 'GLfloat'
c:\igproject\igproject\igproject\raacomputergraphicsassignment1\raainteractivegraphics.cpp(851): warning C4305: 'argomento': troncamento da 'double' a 'GLfloat'
c:\igproject\igproject\igproject\raacomputergraphicsassignment1\raainteractivegraphics.cpp(852): warning C4305: 'argomento': troncamento da 'double' a 'GLfloat'
c:\igproject\igproject\igproject\raacomputergraphicsassignment1\raainteractivegraphics.cpp(853): warning C4305: 'argomento': troncamento da 'double' a 'GLfloat'
c:\igproject\igproject\igproject\raacomputergraphicsassignment1\raainteractivegraphics.cpp(855): warning C4305: 'argomento': troncamento da 'double' a 'GLfloat'
c:\igproject\igproject\igproject\raacomputergraphicsassignment1\raainteractivegraphics.cpp(856): warning C4305: 'argomento': troncamento da 'double' a 'GLfloat'
c:\igproject\igproject\igproject\raacomputergraphicsassignment1\raainteractivegraphics.cpp(857): warning C4305: 'argomento': troncamento da 'double' a 'GLfloat'
c:\igproject\igproject\igproject\raacomputergraphicsassignment1\raainteractivegraphics.cpp(858): warning C4305: 'argomento': troncamento da 'double' a 'GLfloat'
c:\igproject\igproject\igproject\raacomputergraphicsassignment1\raainteractivegraphics.cpp(859): warning C4305: 'argomento': troncamento da 'double' a 'GLfloat'
c:\igproject\igproject\igproject\raacomputergraphicsassignment1\raainteractivegraphics.cpp(861): warning C4305: 'argomento': troncamento da 'double' a 'GLfloat'
c:\igproject\igproject\igproject\raacomputergraphicsassignment1\raainteractivegraphics.cpp(862): warning C4305: 'argomento': troncamento da 'double' a 'GLfloat'
c:\igproject\igproject\igproject\raacomputergraphicsassignment1\raainteractivegraphics.cpp(863): warning C4305: 'argomento': troncamento da 'double' a 'GLfloat'
c:\igproject\igproject\igproject\raacomputergraphicsassignment1\raainteractivegraphics.cpp(864): warning C4305: 'argomento': troncamento da 'double' a 'GLfloat'
c:\igproject\igproject\igproject\raacomputergraphicsassignment1\raainteractivegraphics.cpp(867): warning C4305: 'argomento': troncamento da 'double' a 'GLfloat'
c:\igproject\igproject\igproject\raacomputergraphicsassignment1\raainteractivegraphics.cpp(868): warning C4305: 'argomento': troncamento da 'double' a 'GLfloat'
c:\igproject\igproject\igproject\raacomputergraphicsassignment1\raainteractivegraphics.cpp(869): warning C4305: 'argomento': troncamento da 'double' a 'GLfloat'
c:\igproject\igproject\igproject\raacomputergraphicsassignment1\raainteractivegraphics.cpp(870): warning C4305: 'argomento': troncamento da 'double' a 'GLfloat'
c:\igproject\igproject\igproject\raacomputergraphicsassignment1\raainteractivegraphics.cpp(872): warning C4305: 'argomento': troncamento da 'double' a 'GLfloat'
c:\igproject\igproject\igproject\raacomputergraphicsassignment1\raainteractivegraphics.cpp(873): warning C4305: 'argomento': troncamento da 'double' a 'GLfloat'
c:\igproject\igproject\igproject\raacomputergraphicsassignment1\raainteractivegraphics.cpp(874): warning C4305: 'argomento': troncamento da 'double' a 'GLfloat'
c:\igproject\igproject\igproject\raacomputergraphicsassignment1\raainteractivegraphics.cpp(875): warning C4305: 'argomento': troncamento da 'double' a 'GLfloat'
c:\igproject\igproject\igproject\raacomputergraphicsassignment1\raainteractivegraphics.cpp(877): warning C4305: 'argomento': troncamento da 'double' a 'GLfloat'
c:\igproject\igproject\igproject\raacomputergraphicsassignment1\raainteractivegraphics.cpp(878): warning C4305: 'argomento': troncamento da 'double' a 'GLfloat'
c:\igproject\igproject\igproject\raacomputergraphicsassignment1\raainteractivegraphics.cpp(879): warning C4305: 'argomento': troncamento da 'double' a 'GLfloat'
c:\igproject\igproject\igproject\raacomputergraphicsassignment1\raainteractivegraphics.cpp(880): warning C4305: 'argomento': troncamento da 'double' a 'GLfloat'
c:\igproject\igproject\igproject\raacomputergraphicsassignment1\raainteractivegraphics.cpp(888): warning C4305: 'argomento': troncamento da 'double' a 'GLfloat'
c:\igproject\igproject\igproject\raacomputergraphicsassignment1\raainteractivegraphics.cpp(889): warning C4305: 'argomento': troncamento da 'double' a 'GLfloat'
c:\igproject\igproject\igproject\raacomputergraphicsassignment1\raainteractivegraphics.cpp(890): warning C4305: 'argomento': troncamento da 'double' a 'GLfloat'
c:\igproject\igproject\igproject\raacomputergraphicsassignment1\raainteractivegraphics.cpp(891): warning C4305: 'argomento': troncamento da 'double' a 'GLfloat'
c:\igproject\igproject\igproject\raacomputergraphicsassignment1\raainteractivegraphics.cpp(892): warning C4305: 'argomento': troncamento da 'double' a 'GLfloat'
c:\igproject\igproject\igproject\raacomputergraphicsassignment1\raainteractivegraphics.cpp(894): warning C4305: 'argomento': troncamento da 'double' a 'GLfloat'
c:\igproject\igproject\igproject\raacomputergraphicsassignment1\raainteractivegraphics.cpp(895): warning C4305: 'argomento': troncamento da 'double' a 'GLfloat'
c:\igproject\igproject\igproject\raacomputergraphicsassignment1\raainteractivegraphics.cpp(896): warning C4305: 'argomento': troncamento da 'double' a 'GLfloat'
c:\igproject\igproject\igproject\raacomputergraphicsassignment1\raainteractivegraphics.cpp(897): warning C4305: 'argomento': troncamento da 'double' a 'GLfloat'
c:\igproject\igproject\igproject\raacomputergraphicsassignment1\raainteractivegraphics.cpp(936): warning C4305: 'argomento': troncamento da 'double' a 'GLfloat'
c:\igproject\igproject\igproject\raacomputergraphicsassignment1\raainteractivegraphics.cpp(937): warning C4305: 'argomento': troncamento da 'double' a 'GLfloat'
c:\igproject\igproject\igproject\raacomputergraphicsassignment1\raainteractivegraphics.cpp(938): warning C4305: 'argomento': troncamento da 'double' a 'GLfloat'
c:\igproject\igproject\igproject\raacomputergraphicsassignment1\raainteractivegraphics.cpp(940): warning C4305: 'argomento': troncamento da 'double' a 'GLfloat'
c:\igproject\igproject\igproject\raacomputergraphicsassignment1\raainteractivegraphics.cpp(941): warning C4305: 'argomento': troncamento da 'double' a 'GLfloat'
c:\igproject\igproject\igproject\raacomputergraphicsassignment1\raainteractivegraphics.cpp(942): warning C4305: 'argomento': troncamento da 'double' a 'GLfloat'
c:\igproject\igproject\igproject\raacomputergraphicsassignment1\raainteractivegraphics.cpp(944): warning C4305: 'argomento': troncamento da 'double' a 'GLfloat'
c:\igproject\igproject\igproject\raacomputergraphicsassignment1\raainteractivegraphics.cpp(945): warning C4305: 'argomento': troncamento da 'double' a 'GLfloat'
c:\igproject\igproject\igproject\raacomputergraphicsassignment1\raainteractivegraphics.cpp(946): warning C4305: 'argomento': troncamento da 'double' a 'GLfloat'
c:\igproject\igproject\igproject\raacomputergraphicsassignment1\raainteractivegraphics.cpp(948): warning C4305: 'argomento': troncamento da 'double' a 'GLfloat'
c:\igproject\igproject\igproject\raacomputergraphicsassignment1\raainteractivegraphics.cpp(949): warning C4305: 'argomento': troncamento da 'double' a 'GLfloat'
c:\igproject\igproject\igproject\raacomputergraphicsassignment1\raainteractivegraphics.cpp(950): warning C4305: 'argomento': troncamento da 'double' a 'GLfloat'
c:\igproject\igproject\igproject\raacomputergraphicsassignment1\raainteractivegraphics.cpp(956): warning C4305: 'argomento': troncamento da 'double' a 'GLfloat'
c:\igproject\igproject\igproject\raacomputergraphicsassignment1\raainteractivegraphics.cpp(958): warning C4305: 'argomento': troncamento da 'double' a 'GLfloat'
c:\igproject\igproject\igproject\raacomputergraphicsassignment1\raainteractivegraphics.cpp(964): warning C4305: 'argomento': troncamento da 'double' a 'GLfloat'
c:\igproject\igproject\igproject\raacomputergraphicsassignment1\raainteractivegraphics.cpp(973): warning C4305: 'argomento': troncamento da 'double' a 'GLfloat'
c:\igproject\igproject\igproject\raacomputergraphicsassignment1\raainteractivegraphics.cpp(974): warning C4305: 'argomento': troncamento da 'double' a 'GLfloat'
c:\igproject\igproject\igproject\raacomputergraphicsassignment1\raainteractivegraphics.cpp(974): warning C4244: 'argomento': conversione da 'double' a 'GLfloat'. Possibile perdita di dati.
c:\igproject\igproject\igproject\raacomputergraphicsassignment1\raainteractivegraphics.cpp(981): warning C4305: 'argomento': troncamento da 'double' a 'GLfloat'
c:\igproject\igproject\igproject\raacomputergraphicsassignment1\raainteractivegraphics.cpp(982): warning C4305: 'argomento': troncamento da 'double' a 'GLfloat'
c:\igproject\igproject\igproject\raacomputergraphicsassignment1\raainteractivegraphics.cpp(982): warning C4244: 'argomento': conversione da 'double' a 'GLfloat'. Possibile perdita di dati.
c:\igproject\igproject\igproject\raacomputergraphicsassignment1\raainteractivegraphics.cpp(989): warning C4305: 'argomento': troncamento da 'double' a 'GLfloat'
c:\igproject\igproject\igproject\raacomputergraphicsassignment1\raainteractivegraphics.cpp(990): warning C4305: 'argomento': troncamento da 'double' a 'GLfloat'
c:\igproject\igproject\igproject\raacomputergraphicsassignment1\raainteractivegraphics.cpp(990): warning C4244: 'argomento': conversione da 'double' a 'GLfloat'. Possibile perdita di dati.
c:\igproject\igproject\igproject\raacomputergraphicsassignment1\raainteractivegraphics.cpp(997): warning C4305: 'argomento': troncamento da 'double' a 'GLfloat'
c:\igproject\igproject\igproject\raacomputergraphicsassignment1\raainteractivegraphics.cpp(998): warning C4305: 'argomento': troncamento da 'double' a 'GLfloat'
c:\igproject\igproject\igproject\raacomputergraphicsassignment1\raainteractivegraphics.cpp(998): warning C4244: 'argomento': conversione da 'double' a 'GLfloat'. Possibile perdita di dati.
c:\igproject\igproject\igproject\raacomputergraphicsassignment1\raainteractivegraphics.cpp(1005): warning C4305: 'argomento': troncamento da 'double' a 'GLfloat'
c:\igproject\igproject\igproject\raacomputergraphicsassignment1\raainteractivegraphics.cpp(1009): warning C4305: 'argomento': troncamento da 'double' a 'GLfloat'
c:\igproject\igproject\igproject\raacomputergraphicsassignment1\raainteractivegraphics.cpp(1012): warning C4305: 'argomento': troncamento da 'double' a 'GLfloat'
c:\igproject\igproject\igproject\raacomputergraphicsassignment1\raainteractivegraphics.cpp(1015): warning C4305: 'argomento': troncamento da 'double' a 'GLfloat'
c:\igproject\igproject\igproject\raacomputergraphicsassignment1\raainteractivegraphics.cpp(503): warning C4172: verrà restituito l'indirizzo del valore : vecPosition temporaneo o della variabile locale
  raaComputerGraphicsAssignment1.vcxproj -> C:\IGProject\IGPROJECT\IGPROJECT\raaComputerGraphicsAssignment1\Debug\InteractiveGraphicsAssignment.exe
